\BOOKMARK [1][-]{section.1}{\376\377\000O\000v\000e\000r\000o\000r\000d\000n\000e\000t}{}% 1
\BOOKMARK [1][-]{section.2}{\376\377\000T\000o\000t\000a\000l\000v\000e\000k\000t\000e\000r\000,\000\040\000s\000a\000m\000t\000l\000i\000g\000e\000\040\000l\000o\000k\000a\000s\000j\000o\000n\000e\000r}{}% 2
\BOOKMARK [2][-]{subsection.2.1}{\376\377\000T\000o\000t\000a\000l\000v\000e\000k\000t\000e\000r\000,\000\040\000s\000a\000m\000t\000l\000i\000g\000e\000\040\000l\000o\000k\000a\000s\000j\000o\000n\000e\000r\000,\000\040\000l\000i\000n\000e\000p\000l\000o\000t}{section.2}% 3
\BOOKMARK [1][-]{section.3}{\376\377\000T\000o\000t\000a\000l\000v\000e\000k\000t\000e\000r\000,\000\040\000i\000n\000d\000i\000v\000i\000d\000u\000e\000l\000l\000e\000\040\000l\000o\000k\000a\000s\000j\000o\000n\000e\000r}{}% 4
\BOOKMARK [2][-]{subsection.3.1}{\376\377\000T\000o\000t\000a\000l\000v\000e\000k\000t\000e\000r\000,\000\040\000S\000k\000i\000b\000o\000t\000n}{section.3}% 5
\BOOKMARK [3][-]{subsubsection.3.1.1}{\376\377\000T\000o\000t\000a\000l\000v\000e\000k\000t\000e\000r\000,\000\040\000S\000k\000i\000b\000o\000t\000n\000,\000\040\000l\000i\000n\000e\000p\000l\000o\000t}{subsection.3.1}% 6
\BOOKMARK [3][-]{subsubsection.3.1.2}{\376\377\000T\000o\000t\000a\000l\000v\000e\000k\000t\000e\000r\000,\000\040\000S\000k\000i\000b\000o\000t\000n\000,\000\040\000b\000a\000r\000p\000l\000o\000t\000,\000\040\0001\0000\000\040\000i\000n\000t\000e\000r\000v\000a\000l\000l\000e\000r}{subsection.3.1}% 7
\BOOKMARK [3][-]{subsubsection.3.1.3}{\376\377\000T\000o\000t\000a\000l\000v\000e\000k\000t\000e\000r\000,\000\040\000S\000k\000i\000b\000o\000t\000n\000,\000\040\000b\000a\000r\000p\000l\000o\000t\000,\000\040\0002\0000\000\040\000i\000n\000t\000e\000r\000v\000a\000l\000l\000e\000r}{subsection.3.1}% 8
\BOOKMARK [3][-]{subsubsection.3.1.4}{\376\377\000T\000o\000t\000a\000l\000v\000e\000k\000t\000e\000r\000,\000\040\000S\000k\000i\000b\000o\000t\000n\000,\000\040\000b\000a\000r\000p\000l\000o\000t\000,\000\040\0002\0005\000\040\000i\000n\000t\000e\000r\000v\000a\000l\000l\000e\000r}{subsection.3.1}% 9
\BOOKMARK [2][-]{subsection.3.2}{\376\377\000T\000o\000t\000a\000l\000v\000e\000k\000t\000e\000r\000,\000\040\000V\000e\000r\000d\000a\000l}{section.3}% 10
\BOOKMARK [3][-]{subsubsection.3.2.1}{\376\377\000T\000o\000t\000a\000l\000v\000e\000k\000t\000e\000r\000,\000\040\000V\000e\000r\000d\000a\000l\000,\000\040\000l\000i\000n\000e\000p\000l\000o\000t}{subsection.3.2}% 11
\BOOKMARK [3][-]{subsubsection.3.2.2}{\376\377\000T\000o\000t\000a\000l\000v\000e\000k\000t\000e\000r\000,\000\040\000V\000e\000r\000d\000a\000l\000,\000\040\000b\000a\000r\000p\000l\000o\000t\000,\000\040\0001\0000\000\040\000i\000n\000t\000e\000r\000v\000a\000l\000l\000e\000r}{subsection.3.2}% 12
\BOOKMARK [3][-]{subsubsection.3.2.3}{\376\377\000T\000o\000t\000a\000l\000v\000e\000k\000t\000e\000r\000,\000\040\000V\000e\000r\000d\000a\000l\000,\000\040\000b\000a\000r\000p\000l\000o\000t\000,\000\040\0002\0000\000\040\000i\000n\000t\000e\000r\000v\000a\000l\000l\000e\000r}{subsection.3.2}% 13
\BOOKMARK [3][-]{subsubsection.3.2.4}{\376\377\000T\000o\000t\000a\000l\000v\000e\000k\000t\000e\000r\000,\000\040\000V\000e\000r\000d\000a\000l\000,\000\040\000b\000a\000r\000p\000l\000o\000t\000,\000\040\0002\0005\000\040\000i\000n\000t\000e\000r\000v\000a\000l\000l\000e\000r}{subsection.3.2}% 14
\BOOKMARK [2][-]{subsection.3.3}{\376\377\000T\000o\000t\000a\000l\000v\000e\000k\000t\000e\000r\000,\000\040\000\305\000n\000e\000s\000t\000a\000d\000\050\000\370\000s\000t\000g\000\345\000e\000n\000d\000e\000\051}{section.3}% 15
\BOOKMARK [3][-]{subsubsection.3.3.1}{\376\377\000T\000o\000t\000a\000l\000v\000e\000k\000t\000e\000r\000,\000\040\000\305\000n\000e\000s\000t\000a\000d\000\050\000\370\000s\000t\000g\000\345\000e\000n\000d\000e\000\051\000,\000\040\000l\000i\000n\000e\000p\000l\000o\000t}{subsection.3.3}% 16
\BOOKMARK [3][-]{subsubsection.3.3.2}{\376\377\000T\000o\000t\000a\000l\000v\000e\000k\000t\000e\000r\000,\000\040\000\305\000n\000e\000s\000t\000a\000d\000\050\000\370\000s\000t\000g\000\345\000e\000n\000d\000e\000\051\000,\000\040\000b\000a\000r\000p\000l\000o\000t\000,\000\040\0001\0000\000\040\000i\000n\000t\000e\000r\000v\000a\000l\000l\000e\000r}{subsection.3.3}% 17
\BOOKMARK [3][-]{subsubsection.3.3.3}{\376\377\000T\000o\000t\000a\000l\000v\000e\000k\000t\000e\000r\000,\000\040\000\305\000n\000e\000s\000t\000a\000d\000\050\000\370\000s\000t\000g\000\345\000e\000n\000d\000e\000\051\000,\000\040\000b\000a\000r\000p\000l\000o\000t\000,\000\040\0002\0000\000\040\000i\000n\000t\000e\000r\000v\000a\000l\000l\000e\000r}{subsection.3.3}% 18
\BOOKMARK [3][-]{subsubsection.3.3.4}{\376\377\000T\000o\000t\000a\000l\000v\000e\000k\000t\000e\000r\000,\000\040\000\305\000n\000e\000s\000t\000a\000d\000\050\000\370\000s\000t\000g\000\345\000e\000n\000d\000e\000\051\000,\000\040\000b\000a\000r\000p\000l\000o\000t\000,\000\040\0002\0005\000\040\000i\000n\000t\000e\000r\000v\000a\000l\000l\000e\000r}{subsection.3.3}% 19
\BOOKMARK [2][-]{subsection.3.4}{\376\377\000T\000o\000t\000a\000l\000v\000e\000k\000t\000e\000r\000,\000\040\000\305\000n\000e\000s\000t\000a\000d\000\050\000v\000e\000s\000t\000g\000\345\000e\000n\000d\000e\000\051}{section.3}% 20
\BOOKMARK [3][-]{subsubsection.3.4.1}{\376\377\000T\000o\000t\000a\000l\000v\000e\000k\000t\000e\000r\000,\000\040\000\305\000n\000e\000s\000t\000a\000d\000\050\000v\000e\000s\000t\000g\000\345\000e\000n\000d\000e\000\051\000,\000\040\000l\000i\000n\000e\000p\000l\000o\000t}{subsection.3.4}% 21
\BOOKMARK [3][-]{subsubsection.3.4.2}{\376\377\000T\000o\000t\000a\000l\000v\000e\000k\000t\000e\000r\000,\000\040\000\305\000n\000e\000s\000t\000a\000d\000\050\000v\000e\000s\000t\000g\000\345\000e\000n\000d\000e\000\051\000,\000\040\000b\000a\000r\000p\000l\000o\000t\000,\000\040\0001\0000\000\040\000i\000n\000t\000e\000r\000v\000a\000l\000l\000e\000r}{subsection.3.4}% 22
\BOOKMARK [3][-]{subsubsection.3.4.3}{\376\377\000T\000o\000t\000a\000l\000v\000e\000k\000t\000e\000r\000,\000\040\000\305\000n\000e\000s\000t\000a\000d\000\050\000v\000e\000s\000t\000g\000\345\000e\000n\000d\000e\000\051\000,\000\040\000b\000a\000r\000p\000l\000o\000t\000,\000\040\0002\0000\000\040\000i\000n\000t\000e\000r\000v\000a\000l\000l\000e\000r}{subsection.3.4}% 23
\BOOKMARK [3][-]{subsubsection.3.4.4}{\376\377\000T\000o\000t\000a\000l\000v\000e\000k\000t\000e\000r\000,\000\040\000\305\000n\000e\000s\000t\000a\000d\000\050\000v\000e\000s\000t\000g\000\345\000e\000n\000d\000e\000\051\000,\000\040\000b\000a\000r\000p\000l\000o\000t\000,\000\040\0002\0005\000\040\000i\000n\000t\000e\000r\000v\000a\000l\000l\000e\000r}{subsection.3.4}% 24
\BOOKMARK [2][-]{subsection.3.5}{\376\377\000T\000o\000t\000a\000l\000v\000e\000k\000t\000e\000r\000,\000\040\000\330\000y\000s\000a\000n\000d}{section.3}% 25
\BOOKMARK [3][-]{subsubsection.3.5.1}{\376\377\000T\000o\000t\000a\000l\000v\000e\000k\000t\000e\000r\000,\000\040\000\330\000y\000s\000a\000n\000d\000,\000\040\000l\000i\000n\000e\000p\000l\000o\000t}{subsection.3.5}% 26
\BOOKMARK [3][-]{subsubsection.3.5.2}{\376\377\000T\000o\000t\000a\000l\000v\000e\000k\000t\000e\000r\000,\000\040\000\330\000y\000s\000a\000n\000d\000,\000\040\000b\000a\000r\000p\000l\000o\000t\000,\000\040\0001\0000\000\040\000i\000n\000t\000e\000r\000v\000a\000l\000l\000e\000r}{subsection.3.5}% 27
\BOOKMARK [3][-]{subsubsection.3.5.3}{\376\377\000T\000o\000t\000a\000l\000v\000e\000k\000t\000e\000r\000,\000\040\000\330\000y\000s\000a\000n\000d\000,\000\040\000b\000a\000r\000p\000l\000o\000t\000,\000\040\0002\0000\000\040\000i\000n\000t\000e\000r\000v\000a\000l\000l\000e\000r}{subsection.3.5}% 28
\BOOKMARK [3][-]{subsubsection.3.5.4}{\376\377\000T\000o\000t\000a\000l\000v\000e\000k\000t\000e\000r\000,\000\040\000\330\000y\000s\000a\000n\000d\000,\000\040\000b\000a\000r\000p\000l\000o\000t\000,\000\040\0002\0005\000\040\000i\000n\000t\000e\000r\000v\000a\000l\000l\000e\000r}{subsection.3.5}% 29
